# JRE version: Java(TM) SE Runtime Environment (15.0+36) (build 15+36-1562)
# Java VM: Java HotSpot(TM) 64-Bit Server VM (15+36-1562, mixed mode, sharing, tiered, compressed oops, g1 gc, windows-amd64)
GC Precious Log:
 CPUs: 8 total, 8 available
 Memory: 16257M
 Large Page Support: Disabled
 NUMA Support: Disabled
 Compressed Oops: Enabled (32-bit)
 Heap Region Size: 1M
 Heap Min Capacity: 8M
 Heap Initial Capacity: 256M
 Heap Max Capacity: 1536M
 Pre-touch: Disabled
 Parallel Workers: 8
 Concurrent Workers: 2
 Concurrent Refinement Workers: 8
 Periodic GC: Disabled
Heap:
 garbage-first heap   total 87040K, used 49805K [0x00000000a0000000, 0x0000000100000000)
  region size 1024K, 3 young (3072K), 2 survivors (2048K)
 Metaspace       used 41055K, capacity 41805K, committed 41832K, reserved 1085440K
  class space    used 5404K, capacity 5620K, committed 5632K, reserved 1048576K
GC Heap History (20 events):
Event: 8.352 GC heap before
{Heap before GC invocations=5 (full 0):
 garbage-first heap   total 75776K, used 53329K [0x00000000a0000000, 0x0000000100000000)
  region size 1024K, 34 young (34816K), 3 survivors (3072K)
 Metaspace       used 30218K, capacity 30743K, committed 30896K, reserved 1075200K
  class space    used 4130K, capacity 4303K, committed 4352K, reserved 1048576K
}
Event: 8.359 GC heap after
{Heap after GC invocations=6 (full 0):
 garbage-first heap   total 75776K, used 26189K [0x00000000a0000000, 0x0000000100000000)
  region size 1024K, 5 young (5120K), 5 survivors (5120K)
 Metaspace       used 30218K, capacity 30743K, committed 30896K, reserved 1075200K
  class space    used 4130K, capacity 4303K, committed 4352K, reserved 1048576K
}
Event: 9.223 GC heap before
{Heap before GC invocations=6 (full 0):
 garbage-first heap   total 75776K, used 56909K [0x00000000a0000000, 0x0000000100000000)
  region size 1024K, 33 young (33792K), 5 survivors (5120K)
 Metaspace       used 32755K, capacity 33232K, committed 33456K, reserved 1079296K
  class space    used 4382K, capacity 4527K, committed 4608K, reserved 1048576K
}
Event: 9.232 GC heap after
{Heap after GC invocations=7 (full 0):
 garbage-first heap   total 75776K, used 29307K [0x00000000a0000000, 0x0000000100000000)
  region size 1024K, 3 young (3072K), 3 survivors (3072K)
 Metaspace       used 32755K, capacity 33232K, committed 33456K, reserved 1079296K
  class space    used 4382K, capacity 4527K, committed 4608K, reserved 1048576K
}
Event: 10.007 GC heap before
{Heap before GC invocations=7 (full 0):
 garbage-first heap   total 75776K, used 49787K [0x00000000a0000000, 0x0000000100000000)
  region size 1024K, 24 young (24576K), 3 survivors (3072K)
 Metaspace       used 35254K, capacity 35752K, committed 35888K, reserved 1081344K
  class space    used 4750K, capacity 4916K, committed 4992K, reserved 1048576K
}
Event: 10.013 GC heap after
{Heap after GC invocations=8 (full 0):
 garbage-first heap   total 75776K, used 32167K [0x00000000a0000000, 0x0000000100000000)
  region size 1024K, 2 young (2048K), 2 survivors (2048K)
 Metaspace       used 35254K, capacity 35752K, committed 35888K, reserved 1081344K
  class space    used 4750K, capacity 4916K, committed 4992K, reserved 1048576K
}
Event: 10.723 GC heap before
{Heap before GC invocations=9 (full 0):
 garbage-first heap   total 75776K, used 57767K [0x00000000a0000000, 0x0000000100000000)
  region size 1024K, 27 young (27648K), 2 survivors (2048K)
 Metaspace       used 37962K, capacity 38631K, committed 38760K, reserved 1083392K
  class space    used 5065K, capacity 5249K, committed 5376K, reserved 1048576K
}
Event: 10.729 GC heap after
{Heap after GC invocations=10 (full 0):
 garbage-first heap   total 75776K, used 32743K [0x00000000a0000000, 0x0000000100000000)
  region size 1024K, 4 young (4096K), 4 survivors (4096K)
 Metaspace       used 37962K, capacity 38631K, committed 38760K, reserved 1083392K
  class space    used 5065K, capacity 5249K, committed 5376K, reserved 1048576K
}
Event: 11.922 GC heap before
{Heap before GC invocations=11 (full 0):
 garbage-first heap   total 75776K, used 57319K [0x00000000a0000000, 0x0000000100000000)
  region size 1024K, 28 young (28672K), 4 survivors (4096K)
 Metaspace       used 40421K, capacity 41048K, committed 41320K, reserved 1085440K
  class space    used 5345K, capacity 5542K, committed 5632K, reserved 1048576K
}
Event: 11.927 GC heap after
{Heap after GC invocations=12 (full 0):
 garbage-first heap   total 75776K, used 34266K [0x00000000a0000000, 0x0000000100000000)
  region size 1024K, 4 young (4096K), 4 survivors (4096K)
 Metaspace       used 40421K, capacity 41048K, committed 41320K, reserved 1085440K
  class space    used 5345K, capacity 5542K, committed 5632K, reserved 1048576K
}
Event: 12.792 GC heap before
{Heap before GC invocations=12 (full 0):
 garbage-first heap   total 75776K, used 55770K [0x00000000a0000000, 0x0000000100000000)
  region size 1024K, 26 young (26624K), 4 survivors (4096K)
 Metaspace       used 40981K, capacity 41740K, committed 41832K, reserved 1085440K
  class space    used 5396K, capacity 5620K, committed 5632K, reserved 1048576K
}
Event: 12.797 GC heap after
{Heap after GC invocations=13 (full 0):
 garbage-first heap   total 75776K, used 36658K [0x00000000a0000000, 0x0000000100000000)
  region size 1024K, 3 young (3072K), 3 survivors (3072K)
 Metaspace       used 40981K, capacity 41740K, committed 41832K, reserved 1085440K
  class space    used 5396K, capacity 5620K, committed 5632K, reserved 1048576K
}
Event: 12.910 GC heap before
{Heap before GC invocations=14 (full 0):
 garbage-first heap   total 75776K, used 37682K [0x00000000a0000000, 0x0000000100000000)
  region size 1024K, 4 young (4096K), 3 survivors (3072K)
 Metaspace       used 40981K, capacity 41740K, committed 41832K, reserved 1085440K
  class space    used 5396K, capacity 5620K, committed 5632K, reserved 1048576K
}
Event: 12.913 GC heap after
{Heap after GC invocations=15 (full 0):
 garbage-first heap   total 75776K, used 37830K [0x00000000a0000000, 0x0000000100000000)
  region size 1024K, 2 young (2048K), 2 survivors (2048K)
 Metaspace       used 40981K, capacity 41740K, committed 41832K, reserved 1085440K
  class space    used 5396K, capacity 5620K, committed 5632K, reserved 1048576K
}
Event: 14.081 GC heap before
{Heap before GC invocations=16 (full 0):
 garbage-first heap   total 75776K, used 38854K [0x00000000a0000000, 0x0000000100000000)
  region size 1024K, 3 young (3072K), 2 survivors (2048K)
 Metaspace       used 41030K, capacity 41804K, committed 41832K, reserved 1085440K
  class space    used 5404K, capacity 5620K, committed 5632K, reserved 1048576K
}
Event: 14.083 GC heap after
{Heap after GC invocations=17 (full 0):
 garbage-first heap   total 75776K, used 39263K [0x00000000a0000000, 0x0000000100000000)
  region size 1024K, 2 young (2048K), 2 survivors (2048K)
 Metaspace       used 41030K, capacity 41804K, committed 41832K, reserved 1085440K
  class space    used 5404K, capacity 5620K, committed 5632K, reserved 1048576K
}
Event: 20.238 GC heap before
{Heap before GC invocations=18 (full 0):
 garbage-first heap   total 75776K, used 42335K [0x00000000a0000000, 0x0000000100000000)
  region size 1024K, 6 young (6144K), 2 survivors (2048K)
 Metaspace       used 41054K, capacity 41805K, committed 41832K, reserved 1085440K
  class space    used 5404K, capacity 5620K, committed 5632K, reserved 1048576K
}
Event: 20.240 GC heap after
{Heap after GC invocations=19 (full 0):
 garbage-first heap   total 75776K, used 42294K [0x00000000a0000000, 0x0000000100000000)
  region size 1024K, 3 young (3072K), 3 survivors (3072K)
 Metaspace       used 41054K, capacity 41805K, committed 41832K, reserved 1085440K
  class space    used 5404K, capacity 5620K, committed 5632K, reserved 1048576K
}
Event: 24.655 GC heap before
{Heap before GC invocations=20 (full 0):
 garbage-first heap   total 80896K, used 47414K [0x00000000a0000000, 0x0000000100000000)
  region size 1024K, 7 young (7168K), 3 survivors (3072K)
 Metaspace       used 41055K, capacity 41805K, committed 41832K, reserved 1085440K
  class space    used 5404K, capacity 5620K, committed 5632K, reserved 1048576K
}
Event: 24.657 GC heap after
{Heap after GC invocations=21 (full 0):
 garbage-first heap   total 80896K, used 47757K [0x00000000a0000000, 0x0000000100000000)
  region size 1024K, 2 young (2048K), 2 survivors (2048K)
 Metaspace       used 41055K, capacity 41805K, committed 41832K, reserved 1085440K
  class space    used 5404K, capacity 5620K, committed 5632K, reserved 1048576K
}

