# JRE version: OpenJDK Runtime Environment Temurin-17.0.6+10 (17.0.6+10) (build 17.0.6+10)
# Java VM: OpenJDK 64-Bit Server VM Temurin-17.0.6+10 (17.0.6+10, mixed mode, tiered, compressed oops, compressed class ptrs, parallel gc, windows-amd64)
GC Precious Log:
 CPUs: 8 total, 8 available
 Memory: 16257M
 Large Page Support: Disabled
 NUMA Support: Disabled
 Compressed Oops: Enabled (32-bit)
 Alignments: Space 512K, Generation 512K, Heap 2M
 Heap Min Capacity: 100M
 Heap Initial Capacity: 100M
 Heap Max Capacity: 1G
 Pre-touch: Disabled
 Parallel Workers: 8
Heap:
 PSYoungGen      total 21504K, used 7628K [0x00000000eab00000, 0x00000000ec680000, 0x0000000100000000)
  eden space 20480K, 34% used [0x00000000eab00000,0x00000000eb1e3218,0x00000000ebf00000)
  from space 1024K, 56% used [0x00000000ec580000,0x00000000ec610000,0x00000000ec680000)
  to   space 1024K, 0% used [0x00000000ec480000,0x00000000ec480000,0x00000000ec580000)
 ParOldGen       total 68608K, used 43466K [0x00000000c0000000, 0x00000000c4300000, 0x00000000eab00000)
  object space 68608K, 63% used [0x00000000c0000000,0x00000000c2a72a90,0x00000000c4300000)
 Metaspace       used 56169K, committed 57152K, reserved 1105920K
  class space    used 6556K, committed 7040K, reserved 1048576K
GC Heap History (20 events):
Event: 10.898 GC heap before
{Heap before GC invocations=19 (full 2):
 PSYoungGen      total 23040K, used 22624K [0x00000000eab00000, 0x00000000ec400000, 0x0000000100000000)
  eden space 20480K, 100% used [0x00000000eab00000,0x00000000ebf00000,0x00000000ebf00000)
  from space 2560K, 83% used [0x00000000ec180000,0x00000000ec398010,0x00000000ec400000)
  to   space 2560K, 0% used [0x00000000ebf00000,0x00000000ebf00000,0x00000000ec180000)
 ParOldGen       total 68608K, used 19532K [0x00000000c0000000, 0x00000000c4300000, 0x00000000eab00000)
  object space 68608K, 28% used [0x00000000c0000000,0x00000000c1313150,0x00000000c4300000)
 Metaspace       used 46799K, committed 47680K, reserved 1097728K
  class space    used 5083K, committed 5504K, reserved 1048576K
}
Event: 10.902 GC heap after
{Heap after GC invocations=19 (full 2):
 PSYoungGen      total 23040K, used 2400K [0x00000000eab00000, 0x00000000ec400000, 0x0000000100000000)
  eden space 20480K, 0% used [0x00000000eab00000,0x00000000eab00000,0x00000000ebf00000)
  from space 2560K, 93% used [0x00000000ebf00000,0x00000000ec158010,0x00000000ec180000)
  to   space 2560K, 0% used [0x00000000ec180000,0x00000000ec180000,0x00000000ec400000)
 ParOldGen       total 68608K, used 21528K [0x00000000c0000000, 0x00000000c4300000, 0x00000000eab00000)
  object space 68608K, 31% used [0x00000000c0000000,0x00000000c1506278,0x00000000c4300000)
 Metaspace       used 46799K, committed 47680K, reserved 1097728K
  class space    used 5083K, committed 5504K, reserved 1048576K
}
Event: 11.038 GC heap before
{Heap before GC invocations=20 (full 2):
 PSYoungGen      total 23040K, used 22880K [0x00000000eab00000, 0x00000000ec400000, 0x0000000100000000)
  eden space 20480K, 100% used [0x00000000eab00000,0x00000000ebf00000,0x00000000ebf00000)
  from space 2560K, 93% used [0x00000000ebf00000,0x00000000ec158010,0x00000000ec180000)
  to   space 2560K, 0% used [0x00000000ec180000,0x00000000ec180000,0x00000000ec400000)
 ParOldGen       total 68608K, used 21528K [0x00000000c0000000, 0x00000000c4300000, 0x00000000eab00000)
  object space 68608K, 31% used [0x00000000c0000000,0x00000000c1506278,0x00000000c4300000)
 Metaspace       used 46799K, committed 47680K, reserved 1097728K
  class space    used 5083K, committed 5504K, reserved 1048576K
}
Event: 11.044 GC heap after
{Heap after GC invocations=20 (full 2):
 PSYoungGen      total 23040K, used 2272K [0x00000000eab00000, 0x00000000ec400000, 0x0000000100000000)
  eden space 20480K, 0% used [0x00000000eab00000,0x00000000eab00000,0x00000000ebf00000)
  from space 2560K, 88% used [0x00000000ec180000,0x00000000ec3b8000,0x00000000ec400000)
  to   space 2560K, 0% used [0x00000000ebf00000,0x00000000ebf00000,0x00000000ec180000)
 ParOldGen       total 68608K, used 23819K [0x00000000c0000000, 0x00000000c4300000, 0x00000000eab00000)
  object space 68608K, 34% used [0x00000000c0000000,0x00000000c1742ff8,0x00000000c4300000)
 Metaspace       used 46799K, committed 47680K, reserved 1097728K
  class space    used 5083K, committed 5504K, reserved 1048576K
}
Event: 11.133 GC heap before
{Heap before GC invocations=21 (full 2):
 PSYoungGen      total 23040K, used 22752K [0x00000000eab00000, 0x00000000ec400000, 0x0000000100000000)
  eden space 20480K, 100% used [0x00000000eab00000,0x00000000ebf00000,0x00000000ebf00000)
  from space 2560K, 88% used [0x00000000ec180000,0x00000000ec3b8000,0x00000000ec400000)
  to   space 2560K, 0% used [0x00000000ebf00000,0x00000000ebf00000,0x00000000ec180000)
 ParOldGen       total 68608K, used 23819K [0x00000000c0000000, 0x00000000c4300000, 0x00000000eab00000)
  object space 68608K, 34% used [0x00000000c0000000,0x00000000c1742ff8,0x00000000c4300000)
 Metaspace       used 46799K, committed 47680K, reserved 1097728K
  class space    used 5083K, committed 5504K, reserved 1048576K
}
Event: 11.138 GC heap after
{Heap after GC invocations=21 (full 2):
 PSYoungGen      total 23040K, used 2464K [0x00000000eab00000, 0x00000000ec400000, 0x0000000100000000)
  eden space 20480K, 0% used [0x00000000eab00000,0x00000000eab00000,0x00000000ebf00000)
  from space 2560K, 96% used [0x00000000ebf00000,0x00000000ec168010,0x00000000ec180000)
  to   space 2560K, 0% used [0x00000000ec180000,0x00000000ec180000,0x00000000ec400000)
 ParOldGen       total 68608K, used 25947K [0x00000000c0000000, 0x00000000c4300000, 0x00000000eab00000)
  object space 68608K, 37% used [0x00000000c0000000,0x00000000c1956ff8,0x00000000c4300000)
 Metaspace       used 46799K, committed 47680K, reserved 1097728K
  class space    used 5083K, committed 5504K, reserved 1048576K
}
Event: 11.605 GC heap before
{Heap before GC invocations=22 (full 2):
 PSYoungGen      total 23040K, used 22944K [0x00000000eab00000, 0x00000000ec400000, 0x0000000100000000)
  eden space 20480K, 100% used [0x00000000eab00000,0x00000000ebf00000,0x00000000ebf00000)
  from space 2560K, 96% used [0x00000000ebf00000,0x00000000ec168010,0x00000000ec180000)
  to   space 2560K, 0% used [0x00000000ec180000,0x00000000ec180000,0x00000000ec400000)
 ParOldGen       total 68608K, used 25947K [0x00000000c0000000, 0x00000000c4300000, 0x00000000eab00000)
  object space 68608K, 37% used [0x00000000c0000000,0x00000000c1956ff8,0x00000000c4300000)
 Metaspace       used 47325K, committed 48256K, reserved 1097728K
  class space    used 5139K, committed 5568K, reserved 1048576K
}
Event: 11.610 GC heap after
{Heap after GC invocations=22 (full 2):
 PSYoungGen      total 23040K, used 2304K [0x00000000eab00000, 0x00000000ec400000, 0x0000000100000000)
  eden space 20480K, 0% used [0x00000000eab00000,0x00000000eab00000,0x00000000ebf00000)
  from space 2560K, 90% used [0x00000000ec180000,0x00000000ec3c0000,0x00000000ec400000)
  to   space 2560K, 0% used [0x00000000ebf00000,0x00000000ebf00000,0x00000000ec180000)
 ParOldGen       total 68608K, used 28322K [0x00000000c0000000, 0x00000000c4300000, 0x00000000eab00000)
  object space 68608K, 41% used [0x00000000c0000000,0x00000000c1ba8888,0x00000000c4300000)
 Metaspace       used 47325K, committed 48256K, reserved 1097728K
  class space    used 5139K, committed 5568K, reserved 1048576K
}
Event: 31.143 GC heap before
{Heap before GC invocations=23 (full 2):
 PSYoungGen      total 23040K, used 22784K [0x00000000eab00000, 0x00000000ec400000, 0x0000000100000000)
  eden space 20480K, 100% used [0x00000000eab00000,0x00000000ebf00000,0x00000000ebf00000)
  from space 2560K, 90% used [0x00000000ec180000,0x00000000ec3c0000,0x00000000ec400000)
  to   space 2560K, 0% used [0x00000000ebf00000,0x00000000ebf00000,0x00000000ec180000)
 ParOldGen       total 68608K, used 28322K [0x00000000c0000000, 0x00000000c4300000, 0x00000000eab00000)
  object space 68608K, 41% used [0x00000000c0000000,0x00000000c1ba8888,0x00000000c4300000)
 Metaspace       used 48632K, committed 49536K, reserved 1097728K
  class space    used 5364K, committed 5760K, reserved 1048576K
}
Event: 31.149 GC heap after
{Heap after GC invocations=23 (full 2):
 PSYoungGen      total 23040K, used 2550K [0x00000000eab00000, 0x00000000ed400000, 0x0000000100000000)
  eden space 20480K, 0% used [0x00000000eab00000,0x00000000eab00000,0x00000000ebf00000)
  from space 2560K, 99% used [0x00000000ebf00000,0x00000000ec17d918,0x00000000ec180000)
  to   space 10752K, 0% used [0x00000000ec980000,0x00000000ec980000,0x00000000ed400000)
 ParOldGen       total 68608K, used 35265K [0x00000000c0000000, 0x00000000c4300000, 0x00000000eab00000)
  object space 68608K, 51% used [0x00000000c0000000,0x00000000c22706a8,0x00000000c4300000)
 Metaspace       used 48632K, committed 49536K, reserved 1097728K
  class space    used 5364K, committed 5760K, reserved 1048576K
}
Event: 32.089 GC heap before
{Heap before GC invocations=24 (full 2):
 PSYoungGen      total 23040K, used 23030K [0x00000000eab00000, 0x00000000ed400000, 0x0000000100000000)
  eden space 20480K, 100% used [0x00000000eab00000,0x00000000ebf00000,0x00000000ebf00000)
  from space 2560K, 99% used [0x00000000ebf00000,0x00000000ec17d918,0x00000000ec180000)
  to   space 10752K, 0% used [0x00000000ec980000,0x00000000ec980000,0x00000000ed400000)
 ParOldGen       total 68608K, used 35265K [0x00000000c0000000, 0x00000000c4300000, 0x00000000eab00000)
  object space 68608K, 51% used [0x00000000c0000000,0x00000000c22706a8,0x00000000c4300000)
 Metaspace       used 50308K, committed 51200K, reserved 1097728K
  class space    used 5646K, committed 6080K, reserved 1048576K
}
Event: 32.093 GC heap after
{Heap after GC invocations=24 (full 2):
 PSYoungGen      total 21504K, used 704K [0x00000000eab00000, 0x00000000eca80000, 0x0000000100000000)
  eden space 20480K, 0% used [0x00000000eab00000,0x00000000eab00000,0x00000000ebf00000)
  from space 1024K, 68% used [0x00000000ec980000,0x00000000eca30000,0x00000000eca80000)
  to   space 4096K, 0% used [0x00000000ec280000,0x00000000ec280000,0x00000000ec680000)
 ParOldGen       total 68608K, used 37768K [0x00000000c0000000, 0x00000000c4300000, 0x00000000eab00000)
  object space 68608K, 55% used [0x00000000c0000000,0x00000000c24e2300,0x00000000c4300000)
 Metaspace       used 50308K, committed 51200K, reserved 1097728K
  class space    used 5646K, committed 6080K, reserved 1048576K
}
Event: 46.216 GC heap before
{Heap before GC invocations=25 (full 2):
 PSYoungGen      total 21504K, used 21184K [0x00000000eab00000, 0x00000000eca80000, 0x0000000100000000)
  eden space 20480K, 100% used [0x00000000eab00000,0x00000000ebf00000,0x00000000ebf00000)
  from space 1024K, 68% used [0x00000000ec980000,0x00000000eca30000,0x00000000eca80000)
  to   space 4096K, 0% used [0x00000000ec280000,0x00000000ec280000,0x00000000ec680000)
 ParOldGen       total 68608K, used 37768K [0x00000000c0000000, 0x00000000c4300000, 0x00000000eab00000)
  object space 68608K, 55% used [0x00000000c0000000,0x00000000c24e2300,0x00000000c4300000)
 Metaspace       used 50330K, committed 51264K, reserved 1097728K
  class space    used 5646K, committed 6080K, reserved 1048576K
}
Event: 46.219 GC heap after
{Heap after GC invocations=25 (full 2):
 PSYoungGen      total 24576K, used 2049K [0x00000000eab00000, 0x00000000eca00000, 0x0000000100000000)
  eden space 20480K, 0% used [0x00000000eab00000,0x00000000eab00000,0x00000000ebf00000)
  from space 4096K, 50% used [0x00000000ec280000,0x00000000ec480428,0x00000000ec680000)
  to   space 2560K, 0% used [0x00000000ec780000,0x00000000ec780000,0x00000000eca00000)
 ParOldGen       total 68608K, used 38381K [0x00000000c0000000, 0x00000000c4300000, 0x00000000eab00000)
  object space 68608K, 55% used [0x00000000c0000000,0x00000000c257b620,0x00000000c4300000)
 Metaspace       used 50330K, committed 51264K, reserved 1097728K
  class space    used 5646K, committed 6080K, reserved 1048576K
}
Event: 57.344 GC heap before
{Heap before GC invocations=26 (full 2):
 PSYoungGen      total 24576K, used 22529K [0x00000000eab00000, 0x00000000eca00000, 0x0000000100000000)
  eden space 20480K, 100% used [0x00000000eab00000,0x00000000ebf00000,0x00000000ebf00000)
  from space 4096K, 50% used [0x00000000ec280000,0x00000000ec480428,0x00000000ec680000)
  to   space 2560K, 0% used [0x00000000ec780000,0x00000000ec780000,0x00000000eca00000)
 ParOldGen       total 68608K, used 38381K [0x00000000c0000000, 0x00000000c4300000, 0x00000000eab00000)
  object space 68608K, 55% used [0x00000000c0000000,0x00000000c257b620,0x00000000c4300000)
 Metaspace       used 51359K, committed 52224K, reserved 1097728K
  class space    used 5860K, committed 6272K, reserved 1048576K
}
Event: 57.351 GC heap after
{Heap after GC invocations=26 (full 2):
 PSYoungGen      total 23040K, used 2535K [0x00000000eab00000, 0x00000000eca00000, 0x0000000100000000)
  eden space 20480K, 0% used [0x00000000eab00000,0x00000000eab00000,0x00000000ebf00000)
  from space 2560K, 99% used [0x00000000ec780000,0x00000000ec9f9cd0,0x00000000eca00000)
  to   space 5632K, 0% used [0x00000000ebf00000,0x00000000ebf00000,0x00000000ec480000)
 ParOldGen       total 68608K, used 40524K [0x00000000c0000000, 0x00000000c4300000, 0x00000000eab00000)
  object space 68608K, 59% used [0x00000000c0000000,0x00000000c2793068,0x00000000c4300000)
 Metaspace       used 51359K, committed 52224K, reserved 1097728K
  class space    used 5860K, committed 6272K, reserved 1048576K
}
Event: 58.176 GC heap before
{Heap before GC invocations=27 (full 2):
 PSYoungGen      total 23040K, used 23015K [0x00000000eab00000, 0x00000000eca00000, 0x0000000100000000)
  eden space 20480K, 100% used [0x00000000eab00000,0x00000000ebf00000,0x00000000ebf00000)
  from space 2560K, 99% used [0x00000000ec780000,0x00000000ec9f9cd0,0x00000000eca00000)
  to   space 5632K, 0% used [0x00000000ebf00000,0x00000000ebf00000,0x00000000ec480000)
 ParOldGen       total 68608K, used 40524K [0x00000000c0000000, 0x00000000c4300000, 0x00000000eab00000)
  object space 68608K, 59% used [0x00000000c0000000,0x00000000c2793068,0x00000000c4300000)
 Metaspace       used 53705K, committed 54656K, reserved 1097728K
  class space    used 6248K, committed 6656K, reserved 1048576K
}
Event: 58.180 GC heap after
{Heap after GC invocations=27 (full 2):
 PSYoungGen      total 26112K, used 672K [0x00000000eab00000, 0x00000000ec800000, 0x0000000100000000)
  eden space 20480K, 0% used [0x00000000eab00000,0x00000000eab00000,0x00000000ebf00000)
  from space 5632K, 11% used [0x00000000ebf00000,0x00000000ebfa8000,0x00000000ec480000)
  to   space 2560K, 0% used [0x00000000ec580000,0x00000000ec580000,0x00000000ec800000)
 ParOldGen       total 68608K, used 42947K [0x00000000c0000000, 0x00000000c4300000, 0x00000000eab00000)
  object space 68608K, 62% used [0x00000000c0000000,0x00000000c29f0d80,0x00000000c4300000)
 Metaspace       used 53705K, committed 54656K, reserved 1097728K
  class space    used 6248K, committed 6656K, reserved 1048576K
}
Event: 62.525 GC heap before
{Heap before GC invocations=28 (full 2):
 PSYoungGen      total 26112K, used 21152K [0x00000000eab00000, 0x00000000ec800000, 0x0000000100000000)
  eden space 20480K, 100% used [0x00000000eab00000,0x00000000ebf00000,0x00000000ebf00000)
  from space 5632K, 11% used [0x00000000ebf00000,0x00000000ebfa8000,0x00000000ec480000)
  to   space 2560K, 0% used [0x00000000ec580000,0x00000000ec580000,0x00000000ec800000)
 ParOldGen       total 68608K, used 42947K [0x00000000c0000000, 0x00000000c4300000, 0x00000000eab00000)
  object space 68608K, 62% used [0x00000000c0000000,0x00000000c29f0d80,0x00000000c4300000)
 Metaspace       used 55466K, committed 56320K, reserved 1105920K
  class space    used 6470K, committed 6848K, reserved 1048576K
}
Event: 62.526 GC heap after
{Heap after GC invocations=28 (full 2):
 PSYoungGen      total 21504K, used 576K [0x00000000eab00000, 0x00000000ec680000, 0x0000000100000000)
  eden space 20480K, 0% used [0x00000000eab00000,0x00000000eab00000,0x00000000ebf00000)
  from space 1024K, 56% used [0x00000000ec580000,0x00000000ec610000,0x00000000ec680000)
  to   space 1024K, 0% used [0x00000000ec480000,0x00000000ec480000,0x00000000ec580000)
 ParOldGen       total 68608K, used 43466K [0x00000000c0000000, 0x00000000c4300000, 0x00000000eab00000)
  object space 68608K, 63% used [0x00000000c0000000,0x00000000c2a72a90,0x00000000c4300000)
 Metaspace       used 55466K, committed 56320K, reserved 1105920K
  class space    used 6470K, committed 6848K, reserved 1048576K
}

