# JRE version: OpenJDK Runtime Environment (11.0.13) (build 11.0.13+0-b1751.21-8125866)
# Java VM: OpenJDK 64-Bit Server VM (11.0.13+0-b1751.21-8125866, mixed mode, tiered, compressed oops, g1 gc, windows-amd64)
Heap:
 garbage-first heap   total 262144K, used 106981K [0x00000000a0000000, 0x0000000100000000)
  region size 1024K, 87 young (89088K), 6 survivors (6144K)
 Metaspace       used 41589K, capacity 42534K, committed 42704K, reserved 1087488K
  class space    used 5279K, capacity 5652K, committed 5760K, reserved 1048576K
GC Heap History (10 events):
Event: 0.988 GC heap before
{Heap before GC invocations=0 (full 0):
 garbage-first heap   total 262144K, used 29696K [0x00000000a0000000, 0x0000000100000000)
  region size 1024K, 24 young (24576K), 0 survivors (0K)
 Metaspace       used 9802K, capacity 9960K, committed 10112K, reserved 1058816K
  class space    used 1006K, capacity 1069K, committed 1152K, reserved 1048576K
}
Event: 0.995 GC heap after
{Heap after GC invocations=1 (full 0):
 garbage-first heap   total 262144K, used 9483K [0x00000000a0000000, 0x0000000100000000)
  region size 1024K, 3 young (3072K), 3 survivors (3072K)
 Metaspace       used 9802K, capacity 9960K, committed 10112K, reserved 1058816K
  class space    used 1006K, capacity 1069K, committed 1152K, reserved 1048576K
}
Event: 4.608 GC heap before
{Heap before GC invocations=1 (full 0):
 garbage-first heap   total 262144K, used 107787K [0x00000000a0000000, 0x0000000100000000)
  region size 1024K, 100 young (102400K), 3 survivors (3072K)
 Metaspace       used 20718K, capacity 21162K, committed 21296K, reserved 1069056K
  class space    used 2492K, capacity 2658K, committed 2688K, reserved 1048576K
}
Event: 4.621 GC heap after
{Heap after GC invocations=2 (full 0):
 garbage-first heap   total 262144K, used 17318K [0x00000000a0000000, 0x0000000100000000)
  region size 1024K, 11 young (11264K), 11 survivors (11264K)
 Metaspace       used 20718K, capacity 21162K, committed 21296K, reserved 1069056K
  class space    used 2492K, capacity 2658K, committed 2688K, reserved 1048576K
}
Event: 4.886 GC heap before
{Heap before GC invocations=3 (full 0):
 garbage-first heap   total 262144K, used 39846K [0x00000000a0000000, 0x0000000100000000)
  region size 1024K, 33 young (33792K), 11 survivors (11264K)
 Metaspace       used 22519K, capacity 23053K, committed 23216K, reserved 1069056K
  class space    used 2824K, capacity 3036K, committed 3072K, reserved 1048576K
}
Event: 4.895 GC heap after
{Heap after GC invocations=4 (full 0):
 garbage-first heap   total 262144K, used 18487K [0x00000000a0000000, 0x0000000100000000)
  region size 1024K, 2 young (2048K), 2 survivors (2048K)
 Metaspace       used 22519K, capacity 23053K, committed 23216K, reserved 1069056K
  class space    used 2824K, capacity 3036K, committed 3072K, reserved 1048576K
}
Event: 11.047 GC heap before
{Heap before GC invocations=4 (full 0):
 garbage-first heap   total 262144K, used 107575K [0x00000000a0000000, 0x0000000100000000)
  region size 1024K, 89 young (91136K), 2 survivors (2048K)
 Metaspace       used 32637K, capacity 33322K, committed 33456K, reserved 1079296K
  class space    used 4222K, capacity 4485K, committed 4608K, reserved 1048576K
}
Event: 11.054 GC heap after
{Heap after GC invocations=5 (full 0):
 garbage-first heap   total 262144K, used 21868K [0x00000000a0000000, 0x0000000100000000)
  region size 1024K, 5 young (5120K), 5 survivors (5120K)
 Metaspace       used 32637K, capacity 33322K, committed 33456K, reserved 1079296K
  class space    used 4222K, capacity 4485K, committed 4608K, reserved 1048576K
}
Event: 11.263 GC heap before
{Heap before GC invocations=5 (full 0):
 garbage-first heap   total 262144K, used 25964K [0x00000000a0000000, 0x0000000100000000)
  region size 1024K, 10 young (10240K), 5 survivors (5120K)
 Metaspace       used 35048K, capacity 35781K, committed 35920K, reserved 1081344K
  class space    used 4466K, capacity 4774K, committed 4864K, reserved 1048576K
}
Event: 11.274 GC heap after
{Heap after GC invocations=6 (full 0):
 garbage-first heap   total 262144K, used 23013K [0x00000000a0000000, 0x0000000100000000)
  region size 1024K, 6 young (6144K), 6 survivors (6144K)
 Metaspace       used 35048K, capacity 35781K, committed 35920K, reserved 1081344K
  class space    used 4466K, capacity 4774K, committed 4864K, reserved 1048576K
}

