# JRE version: OpenJDK Runtime Environment (11.0.13) (build 11.0.13+0-b1751.21-8125866)
# Java VM: OpenJDK 64-Bit Server VM (11.0.13+0-b1751.21-8125866, mixed mode, tiered, compressed oops, g1 gc, windows-amd64)
Heap:
 garbage-first heap   total 262144K, used 61995K [0x00000000a0000000, 0x0000000100000000)
  region size 1024K, 46 young (47104K), 13 survivors (13312K)
 Metaspace       used 46225K, capacity 47389K, committed 47568K, reserved 1091584K
  class space    used 5852K, capacity 6251K, committed 6272K, reserved 1048576K
GC Heap History (10 events):
Event: 1.067 GC heap before
{Heap before GC invocations=0 (full 0):
 garbage-first heap   total 262144K, used 29696K [0x00000000a0000000, 0x0000000100000000)
  region size 1024K, 24 young (24576K), 0 survivors (0K)
 Metaspace       used 9804K, capacity 9992K, committed 10112K, reserved 1058816K
  class space    used 1007K, capacity 1101K, committed 1152K, reserved 1048576K
}
Event: 1.072 GC heap after
{Heap after GC invocations=1 (full 0):
 garbage-first heap   total 262144K, used 9254K [0x00000000a0000000, 0x0000000100000000)
  region size 1024K, 3 young (3072K), 3 survivors (3072K)
 Metaspace       used 9804K, capacity 9992K, committed 10112K, reserved 1058816K
  class space    used 1007K, capacity 1101K, committed 1152K, reserved 1048576K
}
Event: 4.260 GC heap before
{Heap before GC invocations=1 (full 0):
 garbage-first heap   total 262144K, used 107558K [0x00000000a0000000, 0x0000000100000000)
  region size 1024K, 100 young (102400K), 3 survivors (3072K)
 Metaspace       used 20723K, capacity 21184K, committed 21296K, reserved 1069056K
  class space    used 2499K, capacity 2666K, committed 2688K, reserved 1048576K
}
Event: 4.272 GC heap after
{Heap after GC invocations=2 (full 0):
 garbage-first heap   total 262144K, used 16890K [0x00000000a0000000, 0x0000000100000000)
  region size 1024K, 11 young (11264K), 11 survivors (11264K)
 Metaspace       used 20723K, capacity 21184K, committed 21296K, reserved 1069056K
  class space    used 2499K, capacity 2666K, committed 2688K, reserved 1048576K
}
Event: 4.778 GC heap before
{Heap before GC invocations=3 (full 0):
 garbage-first heap   total 262144K, used 55802K [0x00000000a0000000, 0x0000000100000000)
  region size 1024K, 49 young (50176K), 11 survivors (11264K)
 Metaspace       used 24485K, capacity 24993K, committed 25008K, reserved 1071104K
  class space    used 3101K, capacity 3319K, committed 3328K, reserved 1048576K
}
Event: 4.788 GC heap after
{Heap after GC invocations=4 (full 0):
 garbage-first heap   total 262144K, used 18171K [0x00000000a0000000, 0x0000000100000000)
  region size 1024K, 2 young (2048K), 2 survivors (2048K)
 Metaspace       used 24485K, capacity 24993K, committed 25008K, reserved 1071104K
  class space    used 3101K, capacity 3319K, committed 3328K, reserved 1048576K
}
Event: 6.533 GC heap before
{Heap before GC invocations=4 (full 0):
 garbage-first heap   total 262144K, used 94971K [0x00000000a0000000, 0x0000000100000000)
  region size 1024K, 78 young (79872K), 2 survivors (2048K)
 Metaspace       used 35039K, capacity 35812K, committed 35920K, reserved 1081344K
  class space    used 4469K, capacity 4806K, committed 4864K, reserved 1048576K
}
Event: 6.546 GC heap after
{Heap after GC invocations=5 (full 0):
 garbage-first heap   total 262144K, used 22121K [0x00000000a0000000, 0x0000000100000000)
  region size 1024K, 6 young (6144K), 6 survivors (6144K)
 Metaspace       used 35039K, capacity 35812K, committed 35920K, reserved 1081344K
  class space    used 4469K, capacity 4806K, committed 4864K, reserved 1048576K
}
Event: 8.520 GC heap before
{Heap before GC invocations=6 (full 0):
 garbage-first heap   total 262144K, used 135785K [0x00000000a0000000, 0x0000000100000000)
  region size 1024K, 114 young (116736K), 6 survivors (6144K)
 Metaspace       used 43787K, capacity 44798K, committed 44880K, reserved 1089536K
  class space    used 5496K, capacity 5871K, committed 5888K, reserved 1048576K
}
Event: 8.542 GC heap after
{Heap after GC invocations=7 (full 0):
 garbage-first heap   total 262144K, used 29227K [0x00000000a0000000, 0x0000000100000000)
  region size 1024K, 13 young (13312K), 13 survivors (13312K)
 Metaspace       used 43787K, capacity 44798K, committed 44880K, reserved 1089536K
  class space    used 5496K, capacity 5871K, committed 5888K, reserved 1048576K
}

